# JRE version: Java(TM) SE Runtime Environment (10.0.2+13) (build 10.0.2+13)
# Java VM: Java HotSpot(TM) 64-Bit Server VM (10.0.2+13, mixed mode, tiered, compressed oops, g1 gc, windows-amd64)
Heap:
 garbage-first heap   total 95232K, used 37378K [0x00000000c0c00000, 0x0000000100000000)
  region size 1024K, 19 young (19456K), 2 survivors (2048K)
 Metaspace       used 39216K, capacity 40258K, committed 40400K, reserved 1085440K
  class space    used 4654K, capacity 5100K, committed 5120K, reserved 1048576K
GC Heap History (10 events):
Event: 2.313 GC heap before
{Heap before GC invocations=6 (full 0):
 garbage-first heap   total 78848K, used 42478K [0x00000000c0c00000, 0x0000000100000000)
  region size 1024K, 35 young (35840K), 3 survivors (3072K)
 Metaspace       used 27666K, capacity 28399K, committed 28800K, reserved 1075200K
  class space    used 3268K, capacity 3587K, committed 3712K, reserved 1048576K
}
Event: 2.319 GC heap after
{Heap after GC invocations=7 (full 0):
 garbage-first heap   total 78848K, used 11545K [0x00000000c0c00000, 0x0000000100000000)
  region size 1024K, 5 young (5120K), 5 survivors (5120K)
 Metaspace       used 27666K, capacity 28399K, committed 28800K, reserved 1075200K
  class space    used 3268K, capacity 3587K, committed 3712K, reserved 1048576K
}
Event: 2.489 GC heap before
{Heap before GC invocations=7 (full 0):
 garbage-first heap   total 78848K, used 49433K [0x00000000c0c00000, 0x0000000100000000)
  region size 1024K, 42 young (43008K), 5 survivors (5120K)
 Metaspace       used 27865K, capacity 28647K, committed 28800K, reserved 1075200K
  class space    used 3301K, capacity 3638K, committed 3712K, reserved 1048576K
}
Event: 2.496 GC heap after
{Heap after GC invocations=8 (full 0):
 garbage-first heap   total 78848K, used 12465K [0x00000000c0c00000, 0x0000000100000000)
  region size 1024K, 4 young (4096K), 4 survivors (4096K)
 Metaspace       used 27865K, capacity 28647K, committed 28800K, reserved 1075200K
  class space    used 3301K, capacity 3638K, committed 3712K, reserved 1048576K
}
Event: 3.088 GC heap before
{Heap before GC invocations=8 (full 0):
 garbage-first heap   total 78848K, used 55473K [0x00000000c0c00000, 0x0000000100000000)
  region size 1024K, 46 young (47104K), 4 survivors (4096K)
 Metaspace       used 32218K, capacity 33030K, committed 33280K, reserved 1079296K
  class space    used 3883K, capacity 4233K, committed 4352K, reserved 1048576K
}
Event: 3.100 GC heap after
{Heap after GC invocations=9 (full 0):
 garbage-first heap   total 78848K, used 14903K [0x00000000c0c00000, 0x0000000100000000)
  region size 1024K, 6 young (6144K), 6 survivors (6144K)
 Metaspace       used 32218K, capacity 33030K, committed 33280K, reserved 1079296K
  class space    used 3883K, capacity 4233K, committed 4352K, reserved 1048576K
}
Event: 3.343 GC heap before
{Heap before GC invocations=9 (full 0):
 garbage-first heap   total 78848K, used 35383K [0x00000000c0c00000, 0x0000000100000000)
  region size 1024K, 27 young (27648K), 6 survivors (6144K)
 Metaspace       used 34863K, capacity 35763K, committed 35920K, reserved 1081344K
  class space    used 4225K, capacity 4653K, committed 4736K, reserved 1048576K
}
Event: 3.357 GC heap after
{Heap after GC invocations=10 (full 0):
 garbage-first heap   total 95232K, used 19613K [0x00000000c0c00000, 0x0000000100000000)
  region size 1024K, 6 young (6144K), 6 survivors (6144K)
 Metaspace       used 34863K, capacity 35763K, committed 35920K, reserved 1081344K
  class space    used 4225K, capacity 4653K, committed 4736K, reserved 1048576K
}
Event: 3.529 GC heap before
{Heap before GC invocations=11 (full 0):
 garbage-first heap   total 95232K, used 65693K [0x00000000c0c00000, 0x0000000100000000)
  region size 1024K, 51 young (52224K), 6 survivors (6144K)
 Metaspace       used 35949K, capacity 36877K, committed 37072K, reserved 1081344K
  class space    used 4336K, capacity 4763K, committed 4864K, reserved 1048576K
}
Event: 3.540 GC heap after
{Heap after GC invocations=12 (full 0):
 garbage-first heap   total 95232K, used 20994K [0x00000000c0c00000, 0x0000000100000000)
  region size 1024K, 2 young (2048K), 2 survivors (2048K)
 Metaspace       used 35949K, capacity 36877K, committed 37072K, reserved 1081344K
  class space    used 4336K, capacity 4763K, committed 4864K, reserved 1048576K
}

